<?xml version="1.0" encoding="UTF-8"?>
<testsuite xmlns:xsi="http://www.w3.org/2001/XMLSchema-instance" xsi:noNamespaceSchemaLocation="https://maven.apache.org/surefire/maven-surefire-plugin/xsd/surefire-test-report.xsd" name="TestSuite" time="540.32" tests="21" errors="0" skipped="0" failures="7">
  <properties>
    <property name="java.specification.version" value="14"/>
    <property name="sun.jnu.encoding" value="UTF-8"/>
    <property name="java.class.path" value="/Users/ahmet.ercikan/IdeaProjects/testCalismaa/target/test-classes:/Users/ahmet.ercikan/IdeaProjects/testCalismaa/target/classes:/Users/ahmet.ercikan/.m2/repository/info/cukes/cucumber-java/1.2.5/cucumber-java-1.2.5.jar:/Users/ahmet.ercikan/.m2/repository/info/cukes/cucumber-core/1.2.5/cucumber-core-1.2.5.jar:/Users/ahmet.ercikan/.m2/repository/info/cukes/cucumber-html/0.2.3/cucumber-html-0.2.3.jar:/Users/ahmet.ercikan/.m2/repository/info/cukes/cucumber-jvm-deps/1.0.5/cucumber-jvm-deps-1.0.5.jar:/Users/ahmet.ercikan/.m2/repository/info/cukes/cucumber-junit/1.2.5/cucumber-junit-1.2.5.jar:/Users/ahmet.ercikan/.m2/repository/org/seleniumhq/selenium/selenium-java/3.11.0/selenium-java-3.11.0.jar:/Users/ahmet.ercikan/.m2/repository/org/seleniumhq/selenium/selenium-chrome-driver/3.11.0/selenium-chrome-driver-3.11.0.jar:/Users/ahmet.ercikan/.m2/repository/org/seleniumhq/selenium/selenium-edge-driver/3.11.0/selenium-edge-driver-3.11.0.jar:/Users/ahmet.ercikan/.m2/repository/org/seleniumhq/selenium/selenium-ie-driver/3.11.0/selenium-ie-driver-3.11.0.jar:/Users/ahmet.ercikan/.m2/repository/org/seleniumhq/selenium/selenium-opera-driver/3.11.0/selenium-opera-driver-3.11.0.jar:/Users/ahmet.ercikan/.m2/repository/org/seleniumhq/selenium/selenium-safari-driver/3.11.0/selenium-safari-driver-3.11.0.jar:/Users/ahmet.ercikan/.m2/repository/org/seleniumhq/selenium/selenium-support/3.11.0/selenium-support-3.11.0.jar:/Users/ahmet.ercikan/.m2/repository/net/bytebuddy/byte-buddy/1.7.9/byte-buddy-1.7.9.jar:/Users/ahmet.ercikan/.m2/repository/org/apache/commons/commons-exec/1.3/commons-exec-1.3.jar:/Users/ahmet.ercikan/.m2/repository/commons-codec/commons-codec/1.10/commons-codec-1.10.jar:/Users/ahmet.ercikan/.m2/repository/commons-logging/commons-logging/1.2/commons-logging-1.2.jar:/Users/ahmet.ercikan/.m2/repository/org/apache/httpcomponents/httpclient/4.5.3/httpclient-4.5.3.jar:/Users/ahmet.ercikan/.m2/repository/org/apache/httpcomponents/httpcore/4.4.6/httpcore-4.4.6.jar:/Users/ahmet.ercikan/.m2/repository/com/squareup/okhttp3/okhttp/3.9.1/okhttp-3.9.1.jar:/Users/ahmet.ercikan/.m2/repository/com/squareup/okio/okio/1.13.0/okio-1.13.0.jar:/Users/ahmet.ercikan/.m2/repository/org/seleniumhq/selenium/selenium-server/3.11.0/selenium-server-3.11.0.jar:/Users/ahmet.ercikan/.m2/repository/com/beust/jcommander/1.72/jcommander-1.72.jar:/Users/ahmet.ercikan/.m2/repository/org/apache/commons/commons-lang3/3.7/commons-lang3-3.7.jar:/Users/ahmet.ercikan/.m2/repository/org/apache/commons/commons-text/1.1/commons-text-1.1.jar:/Users/ahmet.ercikan/.m2/repository/commons-io/commons-io/2.6/commons-io-2.6.jar:/Users/ahmet.ercikan/.m2/repository/commons-net/commons-net/3.6/commons-net-3.6.jar:/Users/ahmet.ercikan/.m2/repository/org/w3c/css/sac/1.3/sac-1.3.jar:/Users/ahmet.ercikan/.m2/repository/net/sourceforge/cssparser/cssparser/0.9.24/cssparser-0.9.24.jar:/Users/ahmet.ercikan/.m2/repository/net/sourceforge/htmlunit/htmlunit/2.29/htmlunit-2.29.jar:/Users/ahmet.ercikan/.m2/repository/net/sourceforge/htmlunit/htmlunit-core-js/2.28/htmlunit-core-js-2.28.jar:/Users/ahmet.ercikan/.m2/repository/net/sourceforge/htmlunit/neko-htmlunit/2.28/neko-htmlunit-2.28.jar:/Users/ahmet.ercikan/.m2/repository/org/apache/httpcomponents/httpmime/4.5.3/httpmime-4.5.3.jar:/Users/ahmet.ercikan/.m2/repository/net/jcip/jcip-annotations/1.0/jcip-annotations-1.0.jar:/Users/ahmet.ercikan/.m2/repository/org/seleniumhq/selenium/jetty-repacked/9.4.7.v20171121/jetty-repacked-9.4.7.v20171121.jar:/Users/ahmet.ercikan/.m2/repository/org/eclipse/jetty/jetty-client/9.4.7.v20170914/jetty-client-9.4.7.v20170914.jar:/Users/ahmet.ercikan/.m2/repository/org/eclipse/jetty/jetty-http/9.4.8.v20171121/jetty-http-9.4.8.v20171121.jar:/Users/ahmet.ercikan/.m2/repository/org/eclipse/jetty/jetty-io/9.4.8.v20171121/jetty-io-9.4.8.v20171121.jar:/Users/ahmet.ercikan/.m2/repository/org/eclipse/jetty/jetty-util/9.4.8.v20171121/jetty-util-9.4.8.v20171121.jar:/Users/ahmet.ercikan/.m2/repository/org/eclipse/jetty/jetty-xml/9.4.7.v20170914/jetty-xml-9.4.7.v20170914.jar:/Users/ahmet.ercikan/.m2/repository/org/seleniumhq/selenium/htmlunit-driver/2.29.0/htmlunit-driver-2.29.0.jar:/Users/ahmet.ercikan/.m2/repository/javax/servlet/javax.servlet-api/3.1.0/javax.servlet-api-3.1.0.jar:/Users/ahmet.ercikan/.m2/repository/org/eclipse/jetty/websocket/websocket-api/9.4.7.v20170914/websocket-api-9.4.7.v20170914.jar:/Users/ahmet.ercikan/.m2/repository/org/eclipse/jetty/websocket/websocket-client/9.4.7.v20170914/websocket-client-9.4.7.v20170914.jar:/Users/ahmet.ercikan/.m2/repository/org/eclipse/jetty/websocket/websocket-common/9.4.7.v20170914/websocket-common-9.4.7.v20170914.jar:/Users/ahmet.ercikan/.m2/repository/xalan/serializer/2.7.2/serializer-2.7.2.jar:/Users/ahmet.ercikan/.m2/repository/xalan/xalan/2.7.2/xalan-2.7.2.jar:/Users/ahmet.ercikan/.m2/repository/xerces/xercesImpl/2.11.0/xercesImpl-2.11.0.jar:/Users/ahmet.ercikan/.m2/repository/xml-apis/xml-apis/1.4.01/xml-apis-1.4.01.jar:/Users/ahmet.ercikan/.m2/repository/org/yaml/snakeyaml/1.19/snakeyaml-1.19.jar:/Users/ahmet.ercikan/.m2/repository/org/seleniumhq/selenium/selenium-remote-driver/3.11.0/selenium-remote-driver-3.11.0.jar:/Users/ahmet.ercikan/.m2/repository/com/google/guava/guava/31.0.1-jre/guava-31.0.1-jre.jar:/Users/ahmet.ercikan/.m2/repository/com/google/guava/failureaccess/1.0.1/failureaccess-1.0.1.jar:/Users/ahmet.ercikan/.m2/repository/com/google/guava/listenablefuture/9999.0-empty-to-avoid-conflict-with-guava/listenablefuture-9999.0-empty-to-avoid-conflict-with-guava.jar:/Users/ahmet.ercikan/.m2/repository/com/google/code/findbugs/jsr305/3.0.2/jsr305-3.0.2.jar:/Users/ahmet.ercikan/.m2/repository/org/checkerframework/checker-qual/3.12.0/checker-qual-3.12.0.jar:/Users/ahmet.ercikan/.m2/repository/com/google/errorprone/error_prone_annotations/2.7.1/error_prone_annotations-2.7.1.jar:/Users/ahmet.ercikan/.m2/repository/com/google/j2objc/j2objc-annotations/1.3/j2objc-annotations-1.3.jar:/Users/ahmet.ercikan/.m2/repository/info/cukes/gherkin/2.12.2/gherkin-2.12.2.jar:/Users/ahmet.ercikan/.m2/repository/commons-httpclient/commons-httpclient/3.1/commons-httpclient-3.1.jar:/Users/ahmet.ercikan/.m2/repository/com/github/javafaker/javafaker/0.13/javafaker-0.13.jar:/Users/ahmet.ercikan/.m2/repository/com/github/mifmif/generex/1.0.2/generex-1.0.2.jar:/Users/ahmet.ercikan/.m2/repository/dk/brics/automaton/automaton/1.11-8/automaton-1.11-8.jar:/Users/ahmet.ercikan/.m2/repository/ru/yandex/qatools/ashot/ashot/1.5.3/ashot-1.5.3.jar:/Users/ahmet.ercikan/.m2/repository/com/googlecode/lambdaj/lambdaj/2.3.3/lambdaj-2.3.3.jar:/Users/ahmet.ercikan/.m2/repository/org/hamcrest/hamcrest-all/1.1/hamcrest-all-1.1.jar:/Users/ahmet.ercikan/.m2/repository/cglib/cglib-nodep/2.2/cglib-nodep-2.2.jar:/Users/ahmet.ercikan/.m2/repository/com/google/code/gson/gson/2.8.5/gson-2.8.5.jar:/Users/ahmet.ercikan/.m2/repository/org/apache/maven/archetypes/maven-archetype-quickstart/1.1/maven-archetype-quickstart-1.1.jar:/Users/ahmet.ercikan/.m2/repository/pl/pragmatists/JUnitParams/1.1.1/JUnitParams-1.1.1.jar:/Users/ahmet.ercikan/.m2/repository/org/hamcrest/hamcrest-library/1.3/hamcrest-library-1.3.jar:/Users/ahmet.ercikan/.m2/repository/org/hamcrest/hamcrest-core/1.3/hamcrest-core-1.3.jar:/Users/ahmet.ercikan/.m2/repository/io/rest-assured/rest-assured/3.0.5/rest-assured-3.0.5.jar:/Users/ahmet.ercikan/.m2/repository/org/codehaus/groovy/groovy/2.4.9/groovy-2.4.9.jar:/Users/ahmet.ercikan/.m2/repository/org/codehaus/groovy/groovy-xml/2.4.9/groovy-xml-2.4.9.jar:/Users/ahmet.ercikan/.m2/repository/org/ccil/cowan/tagsoup/tagsoup/1.2.1/tagsoup-1.2.1.jar:/Users/ahmet.ercikan/.m2/repository/io/rest-assured/json-path/3.0.5/json-path-3.0.5.jar:/Users/ahmet.ercikan/.m2/repository/org/codehaus/groovy/groovy-json/2.4.9/groovy-json-2.4.9.jar:/Users/ahmet.ercikan/.m2/repository/io/rest-assured/rest-assured-common/3.0.5/rest-assured-common-3.0.5.jar:/Users/ahmet.ercikan/.m2/repository/io/rest-assured/xml-path/3.0.5/xml-path-3.0.5.jar:/Users/ahmet.ercikan/.m2/repository/io/rest-assured/json-schema-validator/3.0.5/json-schema-validator-3.0.5.jar:/Users/ahmet.ercikan/.m2/repository/com/github/fge/json-schema-validator/2.2.6/json-schema-validator-2.2.6.jar:/Users/ahmet.ercikan/.m2/repository/com/googlecode/libphonenumber/libphonenumber/6.2/libphonenumber-6.2.jar:/Users/ahmet.ercikan/.m2/repository/com/github/fge/json-schema-core/1.2.5/json-schema-core-1.2.5.jar:/Users/ahmet.ercikan/.m2/repository/com/github/fge/uri-template/0.9/uri-template-0.9.jar:/Users/ahmet.ercikan/.m2/repository/com/github/fge/msg-simple/1.1/msg-simple-1.1.jar:/Users/ahmet.ercikan/.m2/repository/com/github/fge/btf/1.2/btf-1.2.jar:/Users/ahmet.ercikan/.m2/repository/com/github/fge/jackson-coreutils/1.8/jackson-coreutils-1.8.jar:/Users/ahmet.ercikan/.m2/repository/org/mozilla/rhino/1.7R4/rhino-1.7R4.jar:/Users/ahmet.ercikan/.m2/repository/javax/mail/mailapi/1.4.3/mailapi-1.4.3.jar:/Users/ahmet.ercikan/.m2/repository/net/sf/jopt-simple/jopt-simple/4.6/jopt-simple-4.6.jar:/Users/ahmet.ercikan/.m2/repository/org/apache/poi/poi/5.1.0/poi-5.1.0.jar:/Users/ahmet.ercikan/.m2/repository/org/apache/commons/commons-collections4/4.4/commons-collections4-4.4.jar:/Users/ahmet.ercikan/.m2/repository/org/apache/commons/commons-math3/3.6.1/commons-math3-3.6.1.jar:/Users/ahmet.ercikan/.m2/repository/com/zaxxer/SparseBitSet/1.2/SparseBitSet-1.2.jar:/Users/ahmet.ercikan/.m2/repository/org/apache/logging/log4j/log4j-api/2.14.1/log4j-api-2.14.1.jar:/Users/ahmet.ercikan/.m2/repository/org/seleniumhq/selenium/selenium-api/3.8.1/selenium-api-3.8.1.jar:/Users/ahmet.ercikan/.m2/repository/javax/mail/javax.mail-api/1.6.0/javax.mail-api-1.6.0.jar:/Users/ahmet.ercikan/.m2/repository/javax/mail/mail/1.4.7/mail-1.4.7.jar:/Users/ahmet.ercikan/.m2/repository/javax/activation/activation/1.1/activation-1.1.jar:/Users/ahmet.ercikan/.m2/repository/com/google/http-client/google-http-client/1.20.0/google-http-client-1.20.0.jar:/Users/ahmet.ercikan/.m2/repository/org/codehaus/groovy/groovy-ant/3.0.0-alpha-3/groovy-ant-3.0.0-alpha-3.jar:/Users/ahmet.ercikan/.m2/repository/org/apache/ant/ant/1.10.3/ant-1.10.3.jar:/Users/ahmet.ercikan/.m2/repository/org/apache/ant/ant-junit/1.10.3/ant-junit-1.10.3.jar:/Users/ahmet.ercikan/.m2/repository/org/apache/ant/ant-launcher/1.10.3/ant-launcher-1.10.3.jar:/Users/ahmet.ercikan/.m2/repository/org/apache/ant/ant-antlr/1.10.3/ant-antlr-1.10.3.jar:/Users/ahmet.ercikan/.m2/repository/org/codehaus/groovy/groovy-bsf/3.0.0-alpha-3/groovy-bsf-3.0.0-alpha-3.jar:/Users/ahmet.ercikan/.m2/repository/bsf/bsf/2.4.0/bsf-2.4.0.jar:/Users/ahmet.ercikan/.m2/repository/org/codehaus/groovy/groovy-cli-picocli/3.0.0-alpha-3/groovy-cli-picocli-3.0.0-alpha-3.jar:/Users/ahmet.ercikan/.m2/repository/info/picocli/picocli/3.0.2/picocli-3.0.2.jar:/Users/ahmet.ercikan/.m2/repository/org/codehaus/groovy/groovy-console/3.0.0-alpha-3/groovy-console-3.0.0-alpha-3.jar:/Users/ahmet.ercikan/.m2/repository/org/codehaus/groovy/groovy-datetime/3.0.0-alpha-3/groovy-datetime-3.0.0-alpha-3.jar:/Users/ahmet.ercikan/.m2/repository/org/codehaus/groovy/groovy-docgenerator/3.0.0-alpha-3/groovy-docgenerator-3.0.0-alpha-3.jar:/Users/ahmet.ercikan/.m2/repository/com/thoughtworks/qdox/qdox/1.12.1/qdox-1.12.1.jar:/Users/ahmet.ercikan/.m2/repository/org/codehaus/groovy/groovy-groovydoc/3.0.0-alpha-3/groovy-groovydoc-3.0.0-alpha-3.jar:/Users/ahmet.ercikan/.m2/repository/org/codehaus/groovy/groovy-dateutil/3.0.0-alpha-3/groovy-dateutil-3.0.0-alpha-3.jar:/Users/ahmet.ercikan/.m2/repository/org/codehaus/groovy/groovy-groovysh/3.0.0-alpha-3/groovy-groovysh-3.0.0-alpha-3.jar:/Users/ahmet.ercikan/.m2/repository/jline/jline/2.14.6/jline-2.14.6.jar:/Users/ahmet.ercikan/.m2/repository/org/codehaus/groovy/groovy-jmx/3.0.0-alpha-3/groovy-jmx-3.0.0-alpha-3.jar:/Users/ahmet.ercikan/.m2/repository/org/codehaus/groovy/groovy-jsr223/3.0.0-alpha-3/groovy-jsr223-3.0.0-alpha-3.jar:/Users/ahmet.ercikan/.m2/repository/org/codehaus/groovy/groovy-macro/3.0.0-alpha-3/groovy-macro-3.0.0-alpha-3.jar:/Users/ahmet.ercikan/.m2/repository/org/codehaus/groovy/groovy-nio/3.0.0-alpha-3/groovy-nio-3.0.0-alpha-3.jar:/Users/ahmet.ercikan/.m2/repository/org/codehaus/groovy/groovy-servlet/3.0.0-alpha-3/groovy-servlet-3.0.0-alpha-3.jar:/Users/ahmet.ercikan/.m2/repository/org/codehaus/groovy/groovy-sql/3.0.0-alpha-3/groovy-sql-3.0.0-alpha-3.jar:/Users/ahmet.ercikan/.m2/repository/org/codehaus/groovy/groovy-swing/3.0.0-alpha-3/groovy-swing-3.0.0-alpha-3.jar:/Users/ahmet.ercikan/.m2/repository/org/codehaus/groovy/groovy-templates/3.0.0-alpha-3/groovy-templates-3.0.0-alpha-3.jar:/Users/ahmet.ercikan/.m2/repository/org/codehaus/groovy/groovy-test/3.0.0-alpha-3/groovy-test-3.0.0-alpha-3.jar:/Users/ahmet.ercikan/.m2/repository/org/codehaus/groovy/groovy-test-junit5/3.0.0-alpha-3/groovy-test-junit5-3.0.0-alpha-3.jar:/Users/ahmet.ercikan/.m2/repository/org/junit/platform/junit-platform-launcher/1.2.0/junit-platform-launcher-1.2.0.jar:/Users/ahmet.ercikan/.m2/repository/org/apiguardian/apiguardian-api/1.0.0/apiguardian-api-1.0.0.jar:/Users/ahmet.ercikan/.m2/repository/org/junit/platform/junit-platform-engine/1.2.0/junit-platform-engine-1.2.0.jar:/Users/ahmet.ercikan/.m2/repository/org/junit/platform/junit-platform-commons/1.2.0/junit-platform-commons-1.2.0.jar:/Users/ahmet.ercikan/.m2/repository/org/opentest4j/opentest4j/1.1.0/opentest4j-1.1.0.jar:/Users/ahmet.ercikan/.m2/repository/org/junit/jupiter/junit-jupiter-engine/5.2.0/junit-jupiter-engine-5.2.0.jar:/Users/ahmet.ercikan/.m2/repository/org/junit/jupiter/junit-jupiter-api/5.2.0/junit-jupiter-api-5.2.0.jar:/Users/ahmet.ercikan/.m2/repository/org/codehaus/groovy/groovy-testng/3.0.0-alpha-3/groovy-testng-3.0.0-alpha-3.jar:/Users/ahmet.ercikan/.m2/repository/org/testng/testng/6.9.10/testng-6.9.10.jar:/Users/ahmet.ercikan/.m2/repository/com/fasterxml/jackson/core/jackson-databind/2.13.0/jackson-databind-2.13.0.jar:/Users/ahmet.ercikan/.m2/repository/com/fasterxml/jackson/core/jackson-annotations/2.13.0/jackson-annotations-2.13.0.jar:/Users/ahmet.ercikan/.m2/repository/com/fasterxml/jackson/core/jackson-core/2.13.0/jackson-core-2.13.0.jar:/Users/ahmet.ercikan/.m2/repository/io/codearte/jfairy/jfairy/0.5.9/jfairy-0.5.9.jar:/Users/ahmet.ercikan/.m2/repository/com/google/inject/extensions/guice-assistedinject/4.1.0/guice-assistedinject-4.1.0.jar:/Users/ahmet.ercikan/.m2/repository/joda-time/joda-time/2.9.9/joda-time-2.9.9.jar:/Users/ahmet.ercikan/.m2/repository/org/reflections/reflections/0.9.11/reflections-0.9.11.jar:/Users/ahmet.ercikan/.m2/repository/org/javassist/javassist/3.21.0-GA/javassist-3.21.0-GA.jar:/Users/ahmet.ercikan/.m2/repository/org/iban4j/iban4j/3.2.1/iban4j-3.2.1.jar:/Users/ahmet.ercikan/.m2/repository/com/google/inject/guice/4.1.0/guice-4.1.0.jar:/Users/ahmet.ercikan/.m2/repository/javax/inject/javax.inject/1/javax.inject-1.jar:/Users/ahmet.ercikan/.m2/repository/aopalliance/aopalliance/1.0/aopalliance-1.0.jar:/Users/ahmet.ercikan/.m2/repository/net/serenity-bdd/serenity-core/1.5.8/serenity-core-1.5.8.jar:/Users/ahmet.ercikan/.m2/repository/cglib/cglib/3.2.5/cglib-3.2.5.jar:/Users/ahmet.ercikan/.m2/repository/org/ow2/asm/asm/5.0.3/asm-5.0.3.jar:/Users/ahmet.ercikan/.m2/repository/org/objenesis/objenesis/2.6/objenesis-2.6.jar:/Users/ahmet.ercikan/.m2/repository/org/mockito/mockito-core/1.10.19/mockito-core-1.10.19.jar:/Users/ahmet.ercikan/.m2/repository/io/vavr/vavr/0.9.0/vavr-0.9.0.jar:/Users/ahmet.ercikan/.m2/repository/io/vavr/vavr-match/0.9.0/vavr-match-0.9.0.jar:/Users/ahmet.ercikan/.m2/repository/net/serenity-bdd/serenity-report-resources/1.5.8/serenity-report-resources-1.5.8.jar:/Users/ahmet.ercikan/.m2/repository/com/opera/operadriver/1.5/operadriver-1.5.jar:/Users/ahmet.ercikan/.m2/repository/com/opera/operalaunchers/1.1/operalaunchers-1.1.jar:/Users/ahmet.ercikan/.m2/repository/commons-jxpath/commons-jxpath/1.3/commons-jxpath-1.3.jar:/Users/ahmet.ercikan/.m2/repository/org/ini4j/ini4j/0.5.2/ini4j-0.5.2.jar:/Users/ahmet.ercikan/.m2/repository/com/codeborne/phantomjsdriver/1.4.3/phantomjsdriver-1.4.3.jar:/Users/ahmet.ercikan/.m2/repository/io/appium/java-client/5.0.0-BETA9/java-client-5.0.0-BETA9.jar:/Users/ahmet.ercikan/.m2/repository/commons-validator/commons-validator/1.6/commons-validator-1.6.jar:/Users/ahmet.ercikan/.m2/repository/commons-digester/commons-digester/1.8.1/commons-digester-1.8.1.jar:/Users/ahmet.ercikan/.m2/repository/org/springframework/spring-context/4.3.8.RELEASE/spring-context-4.3.8.RELEASE.jar:/Users/ahmet.ercikan/.m2/repository/org/springframework/spring-aop/4.3.8.RELEASE/spring-aop-4.3.8.RELEASE.jar:/Users/ahmet.ercikan/.m2/repository/org/springframework/spring-beans/4.3.8.RELEASE/spring-beans-4.3.8.RELEASE.jar:/Users/ahmet.ercikan/.m2/repository/org/springframework/spring-core/4.3.8.RELEASE/spring-core-4.3.8.RELEASE.jar:/Users/ahmet.ercikan/.m2/repository/org/springframework/spring-expression/4.3.8.RELEASE/spring-expression-4.3.8.RELEASE.jar:/Users/ahmet.ercikan/.m2/repository/org/aspectj/aspectjweaver/1.8.10/aspectjweaver-1.8.10.jar:/Users/ahmet.ercikan/.m2/repository/org/openpnp/opencv/3.2.0-1/opencv-3.2.0-1.jar:/Users/ahmet.ercikan/.m2/repository/net/sf/opencsv/opencsv/2.0/opencsv-2.0.jar:/Users/ahmet.ercikan/.m2/repository/commons-beanutils/commons-beanutils-core/1.8.3/commons-beanutils-core-1.8.3.jar:/Users/ahmet.ercikan/.m2/repository/com/thoughtworks/xstream/xstream/1.4.9/xstream-1.4.9.jar:/Users/ahmet.ercikan/.m2/repository/xmlpull/xmlpull/1.1.3.1/xmlpull-1.1.3.1.jar:/Users/ahmet.ercikan/.m2/repository/xpp3/xpp3_min/1.1.4c/xpp3_min-1.1.4c.jar:/Users/ahmet.ercikan/.m2/repository/commons-collections/commons-collections/3.2.2/commons-collections-3.2.2.jar:/Users/ahmet.ercikan/.m2/repository/org/freemarker/freemarker/2.3.23/freemarker-2.3.23.jar:/Users/ahmet.ercikan/.m2/repository/net/sourceforge/jexcelapi/jxl/2.6.12/jxl-2.6.12.jar:/Users/ahmet.ercikan/.m2/repository/org/fluentlenium/fluentlenium-core/0.10.2/fluentlenium-core-0.10.2.jar:/Users/ahmet.ercikan/.m2/repository/com/jhlabs/filters/2.0.235/filters-2.0.235.jar:/Users/ahmet.ercikan/.m2/repository/org/asciidoctor/asciidoctor-java-integration/0.1.4/asciidoctor-java-integration-0.1.4.jar:/Users/ahmet.ercikan/.m2/repository/org/jruby/jruby-complete/1.7.4/jruby-complete-1.7.4.jar:/Users/ahmet.ercikan/.m2/repository/org/imgscalr/imgscalr-lib/4.2/imgscalr-lib-4.2.jar:/Users/ahmet.ercikan/.m2/repository/javax/validation/validation-api/1.1.0.Final/validation-api-1.1.0.Final.jar:/Users/ahmet.ercikan/.m2/repository/org/hibernate/hibernate-validator/5.1.1.Final/hibernate-validator-5.1.1.Final.jar:/Users/ahmet.ercikan/.m2/repository/org/jboss/logging/jboss-logging/3.1.3.GA/jboss-logging-3.1.3.GA.jar:/Users/ahmet.ercikan/.m2/repository/com/fasterxml/classmate/1.0.0/classmate-1.0.0.jar:/Users/ahmet.ercikan/.m2/repository/javax/el/javax.el-api/2.2.4/javax.el-api-2.2.4.jar:/Users/ahmet.ercikan/.m2/repository/org/glassfish/web/javax.el/2.2.4/javax.el-2.2.4.jar:/Users/ahmet.ercikan/.m2/repository/org/awaitility/awaitility/3.0.0/awaitility-3.0.0.jar:/Users/ahmet.ercikan/.m2/repository/com/typesafe/config/1.3.1/config-1.3.1.jar:/Users/ahmet.ercikan/.m2/repository/org/jsoup/jsoup/1.10.3/jsoup-1.10.3.jar:/Users/ahmet.ercikan/.m2/repository/com/google/jimfs/jimfs/1.1/jimfs-1.1.jar:/Users/ahmet.ercikan/.m2/repository/es/nitaur/markdown/txtmark/0.16/txtmark-0.16.jar:/Users/ahmet.ercikan/.m2/repository/com/vladsch/flexmark/flexmark-all/0.26.4/flexmark-all-0.26.4.jar:/Users/ahmet.ercikan/.m2/repository/com/vladsch/flexmark/flexmark/0.26.4/flexmark-0.26.4.jar:/Users/ahmet.ercikan/.m2/repository/com/vladsch/flexmark/flexmark-ext-abbreviation/0.26.4/flexmark-ext-abbreviation-0.26.4.jar:/Users/ahmet.ercikan/.m2/repository/com/vladsch/flexmark/flexmark-ext-anchorlink/0.26.4/flexmark-ext-anchorlink-0.26.4.jar:/Users/ahmet.ercikan/.m2/repository/com/vladsch/flexmark/flexmark-ext-aside/0.26.4/flexmark-ext-aside-0.26.4.jar:/Users/ahmet.ercikan/.m2/repository/com/vladsch/flexmark/flexmark-ext-autolink/0.26.4/flexmark-ext-autolink-0.26.4.jar:/Users/ahmet.ercikan/.m2/repository/org/nibor/autolink/autolink/0.6.0/autolink-0.6.0.jar:/Users/ahmet.ercikan/.m2/repository/com/vladsch/flexmark/flexmark-ext-definition/0.26.4/flexmark-ext-definition-0.26.4.jar:/Users/ahmet.ercikan/.m2/repository/com/vladsch/flexmark/flexmark-ext-emoji/0.26.4/flexmark-ext-emoji-0.26.4.jar:/Users/ahmet.ercikan/.m2/repository/com/vladsch/flexmark/flexmark-ext-escaped-character/0.26.4/flexmark-ext-escaped-character-0.26.4.jar:/Users/ahmet.ercikan/.m2/repository/com/vladsch/flexmark/flexmark-ext-footnotes/0.26.4/flexmark-ext-footnotes-0.26.4.jar:/Users/ahmet.ercikan/.m2/repository/com/vladsch/flexmark/flexmark-ext-gfm-issues/0.26.4/flexmark-ext-gfm-issues-0.26.4.jar:/Users/ahmet.ercikan/.m2/repository/com/vladsch/flexmark/flexmark-ext-gfm-strikethrough/0.26.4/flexmark-ext-gfm-strikethrough-0.26.4.jar:/Users/ahmet.ercikan/.m2/repository/com/vladsch/flexmark/flexmark-ext-gfm-tables/0.26.4/flexmark-ext-gfm-tables-0.26.4.jar:/Users/ahmet.ercikan/.m2/repository/com/vladsch/flexmark/flexmark-ext-gfm-tasklist/0.26.4/flexmark-ext-gfm-tasklist-0.26.4.jar:/Users/ahmet.ercikan/.m2/repository/com/vladsch/flexmark/flexmark-ext-gfm-users/0.26.4/flexmark-ext-gfm-users-0.26.4.jar:/Users/ahmet.ercikan/.m2/repository/com/vladsch/flexmark/flexmark-ext-jekyll-front-matter/0.26.4/flexmark-ext-jekyll-front-matter-0.26.4.jar:/Users/ahmet.ercikan/.m2/repository/com/vladsch/flexmark/flexmark-ext-jekyll-tag/0.26.4/flexmark-ext-jekyll-tag-0.26.4.jar:/Users/ahmet.ercikan/.m2/repository/com/vladsch/flexmark/flexmark-ext-ins/0.26.4/flexmark-ext-ins-0.26.4.jar:/Users/ahmet.ercikan/.m2/repository/com/vladsch/flexmark/flexmark-ext-xwiki-macros/0.26.4/flexmark-ext-xwiki-macros-0.26.4.jar:/Users/ahmet.ercikan/.m2/repository/com/vladsch/flexmark/flexmark-ext-superscript/0.26.4/flexmark-ext-superscript-0.26.4.jar:/Users/ahmet.ercikan/.m2/repository/com/vladsch/flexmark/flexmark-ext-tables/0.26.4/flexmark-ext-tables-0.26.4.jar:/Users/ahmet.ercikan/.m2/repository/com/vladsch/flexmark/flexmark-ext-toc/0.26.4/flexmark-ext-toc-0.26.4.jar:/Users/ahmet.ercikan/.m2/repository/com/vladsch/flexmark/flexmark-ext-typographic/0.26.4/flexmark-ext-typographic-0.26.4.jar:/Users/ahmet.ercikan/.m2/repository/com/vladsch/flexmark/flexmark-ext-wikilink/0.26.4/flexmark-ext-wikilink-0.26.4.jar:/Users/ahmet.ercikan/.m2/repository/com/vladsch/flexmark/flexmark-ext-yaml-front-matter/0.26.4/flexmark-ext-yaml-front-matter-0.26.4.jar:/Users/ahmet.ercikan/.m2/repository/com/vladsch/flexmark/flexmark-formatter/0.26.4/flexmark-formatter-0.26.4.jar:/Users/ahmet.ercikan/.m2/repository/com/vladsch/flexmark/flexmark-html-parser/0.26.4/flexmark-html-parser-0.26.4.jar:/Users/ahmet.ercikan/.m2/repository/com/vladsch/flexmark/flexmark-jira-converter/0.26.4/flexmark-jira-converter-0.26.4.jar:/Users/ahmet.ercikan/.m2/repository/com/vladsch/flexmark/flexmark-pdf-converter/0.26.4/flexmark-pdf-converter-0.26.4.jar:/Users/ahmet.ercikan/.m2/repository/com/openhtmltopdf/openhtmltopdf-core/0.0.1-RC9/openhtmltopdf-core-0.0.1-RC9.jar:/Users/ahmet.ercikan/.m2/repository/com/openhtmltopdf/openhtmltopdf-pdfbox/0.0.1-RC9/openhtmltopdf-pdfbox-0.0.1-RC9.jar:/Users/ahmet.ercikan/.m2/repository/org/apache/pdfbox/pdfbox/2.0.4/pdfbox-2.0.4.jar:/Users/ahmet.ercikan/.m2/repository/org/apache/pdfbox/fontbox/2.0.4/fontbox-2.0.4.jar:/Users/ahmet.ercikan/.m2/repository/com/openhtmltopdf/openhtmltopdf-rtl-support/0.0.1-RC9/openhtmltopdf-rtl-support-0.0.1-RC9.jar:/Users/ahmet.ercikan/.m2/repository/com/ibm/icu/icu4j/58.1/icu4j-58.1.jar:/Users/ahmet.ercikan/.m2/repository/com/openhtmltopdf/openhtmltopdf-jsoup-dom-converter/0.0.1-RC9/openhtmltopdf-jsoup-dom-converter-0.0.1-RC9.jar:/Users/ahmet.ercikan/.m2/repository/com/vladsch/flexmark/flexmark-profile-pegdown/0.26.4/flexmark-profile-pegdown-0.26.4.jar:/Users/ahmet.ercikan/.m2/repository/com/vladsch/flexmark/flexmark-util/0.26.4/flexmark-util-0.26.4.jar:/Users/ahmet.ercikan/.m2/repository/com/vladsch/flexmark/flexmark-youtrack-converter/0.26.4/flexmark-youtrack-converter-0.26.4.jar:/Users/ahmet.ercikan/.m2/repository/org/slf4j/slf4j-api/1.7.5/slf4j-api-1.7.5.jar:/Users/ahmet.ercikan/.m2/repository/org/slf4j/slf4j-simple/1.6.4/slf4j-simple-1.6.4.jar:/Users/ahmet.ercikan/.m2/repository/mysql/mysql-connector-java/8.0.16/mysql-connector-java-8.0.16.jar:/Users/ahmet.ercikan/.m2/repository/com/google/protobuf/protobuf-java/3.6.1/protobuf-java-3.6.1.jar:/Users/ahmet.ercikan/.m2/repository/javax/xml/bind/jaxb-api/2.3.1/jaxb-api-2.3.1.jar:/Users/ahmet.ercikan/.m2/repository/javax/activation/javax.activation-api/1.2.0/javax.activation-api-1.2.0.jar:/Users/ahmet.ercikan/.m2/repository/com/aventstack/extentreports/3.1.2/extentreports-3.1.2.jar:/Users/ahmet.ercikan/.m2/repository/org/mongodb/mongodb-driver/3.3.0/mongodb-driver-3.3.0.jar:/Users/ahmet.ercikan/.m2/repository/org/mongodb/bson/3.3.0/bson-3.3.0.jar:/Users/ahmet.ercikan/.m2/repository/org/mongodb/mongodb-driver-core/3.3.0/mongodb-driver-core-3.3.0.jar:/Users/ahmet.ercikan/.m2/repository/com/relevantcodes/extentreports/2.41.2/extentreports-2.41.2.jar:/Users/ahmet.ercikan/.m2/repository/org/xerial/sqlite-jdbc/3.8.11.1/sqlite-jdbc-3.8.11.1.jar:/Users/ahmet.ercikan/.m2/repository/org/postgresql/postgresql/42.2.18/postgresql-42.2.18.jar:/Users/ahmet.ercikan/.m2/repository/io/qameta/allure/allure-junit4/2.8.1/allure-junit4-2.8.1.jar:/Users/ahmet.ercikan/.m2/repository/io/qameta/allure/allure-java-commons/2.8.1/allure-java-commons-2.8.1.jar:/Users/ahmet.ercikan/.m2/repository/io/qameta/allure/allure-model/2.8.1/allure-model-2.8.1.jar:/Users/ahmet.ercikan/.m2/repository/org/apache/tika/tika-core/1.19.1/tika-core-1.19.1.jar:/Users/ahmet.ercikan/.m2/repository/org/aspectj/aspectjrt/1.9.1/aspectjrt-1.9.1.jar:/Users/ahmet.ercikan/.m2/repository/org/jooq/joor-java-8/0.9.9/joor-java-8-0.9.9.jar:/Users/ahmet.ercikan/.m2/repository/io/github/bonigarcia/webdrivermanager/4.4.3/webdrivermanager-4.4.3.jar:/Users/ahmet.ercikan/.m2/repository/org/apache/httpcomponents/client5/httpclient5/5.0.3/httpclient5-5.0.3.jar:/Users/ahmet.ercikan/.m2/repository/org/apache/httpcomponents/core5/httpcore5/5.0.2/httpcore5-5.0.2.jar:/Users/ahmet.ercikan/.m2/repository/org/apache/httpcomponents/core5/httpcore5-h2/5.0.2/httpcore5-h2-5.0.2.jar:/Users/ahmet.ercikan/.m2/repository/org/rauschig/jarchivelib/1.1.0/jarchivelib-1.1.0.jar:/Users/ahmet.ercikan/.m2/repository/org/apache/commons/commons-compress/1.20/commons-compress-1.20.jar:/Users/ahmet.ercikan/.m2/repository/junit/junit/4.13.2/junit-4.13.2.jar:/Users/ahmet.ercikan/.m2/repository/org/seleniumhq/selenium/selenium-firefox-driver/3.8.1/selenium-firefox-driver-3.8.1.jar:/Users/ahmet.ercikan/.m2/repository/com/microsoft/sqlserver/mssql-jdbc/6.2.1.jre8/mssql-jdbc-6.2.1.jre8.jar:/Users/ahmet.ercikan/.m2/repository/com/opencsv/opencsv/5.3/opencsv-5.3.jar:/Users/ahmet.ercikan/.m2/repository/commons-beanutils/commons-beanutils/1.9.4/commons-beanutils-1.9.4.jar:/Users/ahmet.ercikan/.m2/repository/org/apache/maven/surefire/surefire-testng-utils/2.22.0/surefire-testng-utils-2.22.0.jar:/Users/ahmet.ercikan/.m2/repository/org/apache/maven/surefire/surefire-grouper/2.22.0/surefire-grouper-2.22.0.jar:"/>
    <property name="java.vm.vendor" value="Oracle Corporation"/>
    <property name="sun.arch.data.model" value="64"/>
    <property name="java.vendor.url" value="https://java.oracle.com/"/>
    <property name="os.name" value="Mac OS X"/>
    <property name="java.vm.specification.version" value="14"/>
    <property name="sun.java.launcher" value="SUN_STANDARD"/>
    <property name="user.country" value="TR"/>
    <property name="sun.boot.library.path" value="/Library/Java/JavaVirtualMachines/jdk-14.0.2.jdk/Contents/Home/lib"/>
    <property name="sun.java.command" value="/Users/ahmet.ercikan/IdeaProjects/testCalismaa/target/surefire/surefirebooter6727399049900336629.jar /Users/ahmet.ercikan/IdeaProjects/testCalismaa/target/surefire 2022-01-17T12-02-32_656-jvmRun1 surefire2738446622904815044tmp surefire_02300001087242393899tmp"/>
    <property name="http.nonProxyHosts" value="local|*.local|169.254/16|*.169.254/16"/>
    <property name="jdk.debug" value="release"/>
    <property name="surefire.test.class.path" value="/Users/ahmet.ercikan/IdeaProjects/testCalismaa/target/test-classes:/Users/ahmet.ercikan/IdeaProjects/testCalismaa/target/classes:/Users/ahmet.ercikan/.m2/repository/info/cukes/cucumber-java/1.2.5/cucumber-java-1.2.5.jar:/Users/ahmet.ercikan/.m2/repository/info/cukes/cucumber-core/1.2.5/cucumber-core-1.2.5.jar:/Users/ahmet.ercikan/.m2/repository/info/cukes/cucumber-html/0.2.3/cucumber-html-0.2.3.jar:/Users/ahmet.ercikan/.m2/repository/info/cukes/cucumber-jvm-deps/1.0.5/cucumber-jvm-deps-1.0.5.jar:/Users/ahmet.ercikan/.m2/repository/info/cukes/cucumber-junit/1.2.5/cucumber-junit-1.2.5.jar:/Users/ahmet.ercikan/.m2/repository/org/seleniumhq/selenium/selenium-java/3.11.0/selenium-java-3.11.0.jar:/Users/ahmet.ercikan/.m2/repository/org/seleniumhq/selenium/selenium-chrome-driver/3.11.0/selenium-chrome-driver-3.11.0.jar:/Users/ahmet.ercikan/.m2/repository/org/seleniumhq/selenium/selenium-edge-driver/3.11.0/selenium-edge-driver-3.11.0.jar:/Users/ahmet.ercikan/.m2/repository/org/seleniumhq/selenium/selenium-ie-driver/3.11.0/selenium-ie-driver-3.11.0.jar:/Users/ahmet.ercikan/.m2/repository/org/seleniumhq/selenium/selenium-opera-driver/3.11.0/selenium-opera-driver-3.11.0.jar:/Users/ahmet.ercikan/.m2/repository/org/seleniumhq/selenium/selenium-safari-driver/3.11.0/selenium-safari-driver-3.11.0.jar:/Users/ahmet.ercikan/.m2/repository/org/seleniumhq/selenium/selenium-support/3.11.0/selenium-support-3.11.0.jar:/Users/ahmet.ercikan/.m2/repository/net/bytebuddy/byte-buddy/1.7.9/byte-buddy-1.7.9.jar:/Users/ahmet.ercikan/.m2/repository/org/apache/commons/commons-exec/1.3/commons-exec-1.3.jar:/Users/ahmet.ercikan/.m2/repository/commons-codec/commons-codec/1.10/commons-codec-1.10.jar:/Users/ahmet.ercikan/.m2/repository/commons-logging/commons-logging/1.2/commons-logging-1.2.jar:/Users/ahmet.ercikan/.m2/repository/org/apache/httpcomponents/httpclient/4.5.3/httpclient-4.5.3.jar:/Users/ahmet.ercikan/.m2/repository/org/apache/httpcomponents/httpcore/4.4.6/httpcore-4.4.6.jar:/Users/ahmet.ercikan/.m2/repository/com/squareup/okhttp3/okhttp/3.9.1/okhttp-3.9.1.jar:/Users/ahmet.ercikan/.m2/repository/com/squareup/okio/okio/1.13.0/okio-1.13.0.jar:/Users/ahmet.ercikan/.m2/repository/org/seleniumhq/selenium/selenium-server/3.11.0/selenium-server-3.11.0.jar:/Users/ahmet.ercikan/.m2/repository/com/beust/jcommander/1.72/jcommander-1.72.jar:/Users/ahmet.ercikan/.m2/repository/org/apache/commons/commons-lang3/3.7/commons-lang3-3.7.jar:/Users/ahmet.ercikan/.m2/repository/org/apache/commons/commons-text/1.1/commons-text-1.1.jar:/Users/ahmet.ercikan/.m2/repository/commons-io/commons-io/2.6/commons-io-2.6.jar:/Users/ahmet.ercikan/.m2/repository/commons-net/commons-net/3.6/commons-net-3.6.jar:/Users/ahmet.ercikan/.m2/repository/org/w3c/css/sac/1.3/sac-1.3.jar:/Users/ahmet.ercikan/.m2/repository/net/sourceforge/cssparser/cssparser/0.9.24/cssparser-0.9.24.jar:/Users/ahmet.ercikan/.m2/repository/net/sourceforge/htmlunit/htmlunit/2.29/htmlunit-2.29.jar:/Users/ahmet.ercikan/.m2/repository/net/sourceforge/htmlunit/htmlunit-core-js/2.28/htmlunit-core-js-2.28.jar:/Users/ahmet.ercikan/.m2/repository/net/sourceforge/htmlunit/neko-htmlunit/2.28/neko-htmlunit-2.28.jar:/Users/ahmet.ercikan/.m2/repository/org/apache/httpcomponents/httpmime/4.5.3/httpmime-4.5.3.jar:/Users/ahmet.ercikan/.m2/repository/net/jcip/jcip-annotations/1.0/jcip-annotations-1.0.jar:/Users/ahmet.ercikan/.m2/repository/org/seleniumhq/selenium/jetty-repacked/9.4.7.v20171121/jetty-repacked-9.4.7.v20171121.jar:/Users/ahmet.ercikan/.m2/repository/org/eclipse/jetty/jetty-client/9.4.7.v20170914/jetty-client-9.4.7.v20170914.jar:/Users/ahmet.ercikan/.m2/repository/org/eclipse/jetty/jetty-http/9.4.8.v20171121/jetty-http-9.4.8.v20171121.jar:/Users/ahmet.ercikan/.m2/repository/org/eclipse/jetty/jetty-io/9.4.8.v20171121/jetty-io-9.4.8.v20171121.jar:/Users/ahmet.ercikan/.m2/repository/org/eclipse/jetty/jetty-util/9.4.8.v20171121/jetty-util-9.4.8.v20171121.jar:/Users/ahmet.ercikan/.m2/repository/org/eclipse/jetty/jetty-xml/9.4.7.v20170914/jetty-xml-9.4.7.v20170914.jar:/Users/ahmet.ercikan/.m2/repository/org/seleniumhq/selenium/htmlunit-driver/2.29.0/htmlunit-driver-2.29.0.jar:/Users/ahmet.ercikan/.m2/repository/javax/servlet/javax.servlet-api/3.1.0/javax.servlet-api-3.1.0.jar:/Users/ahmet.ercikan/.m2/repository/org/eclipse/jetty/websocket/websocket-api/9.4.7.v20170914/websocket-api-9.4.7.v20170914.jar:/Users/ahmet.ercikan/.m2/repository/org/eclipse/jetty/websocket/websocket-client/9.4.7.v20170914/websocket-client-9.4.7.v20170914.jar:/Users/ahmet.ercikan/.m2/repository/org/eclipse/jetty/websocket/websocket-common/9.4.7.v20170914/websocket-common-9.4.7.v20170914.jar:/Users/ahmet.ercikan/.m2/repository/xalan/serializer/2.7.2/serializer-2.7.2.jar:/Users/ahmet.ercikan/.m2/repository/xalan/xalan/2.7.2/xalan-2.7.2.jar:/Users/ahmet.ercikan/.m2/repository/xerces/xercesImpl/2.11.0/xercesImpl-2.11.0.jar:/Users/ahmet.ercikan/.m2/repository/xml-apis/xml-apis/1.4.01/xml-apis-1.4.01.jar:/Users/ahmet.ercikan/.m2/repository/org/yaml/snakeyaml/1.19/snakeyaml-1.19.jar:/Users/ahmet.ercikan/.m2/repository/org/seleniumhq/selenium/selenium-remote-driver/3.11.0/selenium-remote-driver-3.11.0.jar:/Users/ahmet.ercikan/.m2/repository/com/google/guava/guava/31.0.1-jre/guava-31.0.1-jre.jar:/Users/ahmet.ercikan/.m2/repository/com/google/guava/failureaccess/1.0.1/failureaccess-1.0.1.jar:/Users/ahmet.ercikan/.m2/repository/com/google/guava/listenablefuture/9999.0-empty-to-avoid-conflict-with-guava/listenablefuture-9999.0-empty-to-avoid-conflict-with-guava.jar:/Users/ahmet.ercikan/.m2/repository/com/google/code/findbugs/jsr305/3.0.2/jsr305-3.0.2.jar:/Users/ahmet.ercikan/.m2/repository/org/checkerframework/checker-qual/3.12.0/checker-qual-3.12.0.jar:/Users/ahmet.ercikan/.m2/repository/com/google/errorprone/error_prone_annotations/2.7.1/error_prone_annotations-2.7.1.jar:/Users/ahmet.ercikan/.m2/repository/com/google/j2objc/j2objc-annotations/1.3/j2objc-annotations-1.3.jar:/Users/ahmet.ercikan/.m2/repository/info/cukes/gherkin/2.12.2/gherkin-2.12.2.jar:/Users/ahmet.ercikan/.m2/repository/commons-httpclient/commons-httpclient/3.1/commons-httpclient-3.1.jar:/Users/ahmet.ercikan/.m2/repository/com/github/javafaker/javafaker/0.13/javafaker-0.13.jar:/Users/ahmet.ercikan/.m2/repository/com/github/mifmif/generex/1.0.2/generex-1.0.2.jar:/Users/ahmet.ercikan/.m2/repository/dk/brics/automaton/automaton/1.11-8/automaton-1.11-8.jar:/Users/ahmet.ercikan/.m2/repository/ru/yandex/qatools/ashot/ashot/1.5.3/ashot-1.5.3.jar:/Users/ahmet.ercikan/.m2/repository/com/googlecode/lambdaj/lambdaj/2.3.3/lambdaj-2.3.3.jar:/Users/ahmet.ercikan/.m2/repository/org/hamcrest/hamcrest-all/1.1/hamcrest-all-1.1.jar:/Users/ahmet.ercikan/.m2/repository/cglib/cglib-nodep/2.2/cglib-nodep-2.2.jar:/Users/ahmet.ercikan/.m2/repository/com/google/code/gson/gson/2.8.5/gson-2.8.5.jar:/Users/ahmet.ercikan/.m2/repository/org/apache/maven/archetypes/maven-archetype-quickstart/1.1/maven-archetype-quickstart-1.1.jar:/Users/ahmet.ercikan/.m2/repository/pl/pragmatists/JUnitParams/1.1.1/JUnitParams-1.1.1.jar:/Users/ahmet.ercikan/.m2/repository/org/hamcrest/hamcrest-library/1.3/hamcrest-library-1.3.jar:/Users/ahmet.ercikan/.m2/repository/org/hamcrest/hamcrest-core/1.3/hamcrest-core-1.3.jar:/Users/ahmet.ercikan/.m2/repository/io/rest-assured/rest-assured/3.0.5/rest-assured-3.0.5.jar:/Users/ahmet.ercikan/.m2/repository/org/codehaus/groovy/groovy/2.4.9/groovy-2.4.9.jar:/Users/ahmet.ercikan/.m2/repository/org/codehaus/groovy/groovy-xml/2.4.9/groovy-xml-2.4.9.jar:/Users/ahmet.ercikan/.m2/repository/org/ccil/cowan/tagsoup/tagsoup/1.2.1/tagsoup-1.2.1.jar:/Users/ahmet.ercikan/.m2/repository/io/rest-assured/json-path/3.0.5/json-path-3.0.5.jar:/Users/ahmet.ercikan/.m2/repository/org/codehaus/groovy/groovy-json/2.4.9/groovy-json-2.4.9.jar:/Users/ahmet.ercikan/.m2/repository/io/rest-assured/rest-assured-common/3.0.5/rest-assured-common-3.0.5.jar:/Users/ahmet.ercikan/.m2/repository/io/rest-assured/xml-path/3.0.5/xml-path-3.0.5.jar:/Users/ahmet.ercikan/.m2/repository/io/rest-assured/json-schema-validator/3.0.5/json-schema-validator-3.0.5.jar:/Users/ahmet.ercikan/.m2/repository/com/github/fge/json-schema-validator/2.2.6/json-schema-validator-2.2.6.jar:/Users/ahmet.ercikan/.m2/repository/com/googlecode/libphonenumber/libphonenumber/6.2/libphonenumber-6.2.jar:/Users/ahmet.ercikan/.m2/repository/com/github/fge/json-schema-core/1.2.5/json-schema-core-1.2.5.jar:/Users/ahmet.ercikan/.m2/repository/com/github/fge/uri-template/0.9/uri-template-0.9.jar:/Users/ahmet.ercikan/.m2/repository/com/github/fge/msg-simple/1.1/msg-simple-1.1.jar:/Users/ahmet.ercikan/.m2/repository/com/github/fge/btf/1.2/btf-1.2.jar:/Users/ahmet.ercikan/.m2/repository/com/github/fge/jackson-coreutils/1.8/jackson-coreutils-1.8.jar:/Users/ahmet.ercikan/.m2/repository/org/mozilla/rhino/1.7R4/rhino-1.7R4.jar:/Users/ahmet.ercikan/.m2/repository/javax/mail/mailapi/1.4.3/mailapi-1.4.3.jar:/Users/ahmet.ercikan/.m2/repository/net/sf/jopt-simple/jopt-simple/4.6/jopt-simple-4.6.jar:/Users/ahmet.ercikan/.m2/repository/org/apache/poi/poi/5.1.0/poi-5.1.0.jar:/Users/ahmet.ercikan/.m2/repository/org/apache/commons/commons-collections4/4.4/commons-collections4-4.4.jar:/Users/ahmet.ercikan/.m2/repository/org/apache/commons/commons-math3/3.6.1/commons-math3-3.6.1.jar:/Users/ahmet.ercikan/.m2/repository/com/zaxxer/SparseBitSet/1.2/SparseBitSet-1.2.jar:/Users/ahmet.ercikan/.m2/repository/org/apache/logging/log4j/log4j-api/2.14.1/log4j-api-2.14.1.jar:/Users/ahmet.ercikan/.m2/repository/org/seleniumhq/selenium/selenium-api/3.8.1/selenium-api-3.8.1.jar:/Users/ahmet.ercikan/.m2/repository/javax/mail/javax.mail-api/1.6.0/javax.mail-api-1.6.0.jar:/Users/ahmet.ercikan/.m2/repository/javax/mail/mail/1.4.7/mail-1.4.7.jar:/Users/ahmet.ercikan/.m2/repository/javax/activation/activation/1.1/activation-1.1.jar:/Users/ahmet.ercikan/.m2/repository/com/google/http-client/google-http-client/1.20.0/google-http-client-1.20.0.jar:/Users/ahmet.ercikan/.m2/repository/org/codehaus/groovy/groovy-ant/3.0.0-alpha-3/groovy-ant-3.0.0-alpha-3.jar:/Users/ahmet.ercikan/.m2/repository/org/apache/ant/ant/1.10.3/ant-1.10.3.jar:/Users/ahmet.ercikan/.m2/repository/org/apache/ant/ant-junit/1.10.3/ant-junit-1.10.3.jar:/Users/ahmet.ercikan/.m2/repository/org/apache/ant/ant-launcher/1.10.3/ant-launcher-1.10.3.jar:/Users/ahmet.ercikan/.m2/repository/org/apache/ant/ant-antlr/1.10.3/ant-antlr-1.10.3.jar:/Users/ahmet.ercikan/.m2/repository/org/codehaus/groovy/groovy-bsf/3.0.0-alpha-3/groovy-bsf-3.0.0-alpha-3.jar:/Users/ahmet.ercikan/.m2/repository/bsf/bsf/2.4.0/bsf-2.4.0.jar:/Users/ahmet.ercikan/.m2/repository/org/codehaus/groovy/groovy-cli-picocli/3.0.0-alpha-3/groovy-cli-picocli-3.0.0-alpha-3.jar:/Users/ahmet.ercikan/.m2/repository/info/picocli/picocli/3.0.2/picocli-3.0.2.jar:/Users/ahmet.ercikan/.m2/repository/org/codehaus/groovy/groovy-console/3.0.0-alpha-3/groovy-console-3.0.0-alpha-3.jar:/Users/ahmet.ercikan/.m2/repository/org/codehaus/groovy/groovy-datetime/3.0.0-alpha-3/groovy-datetime-3.0.0-alpha-3.jar:/Users/ahmet.ercikan/.m2/repository/org/codehaus/groovy/groovy-docgenerator/3.0.0-alpha-3/groovy-docgenerator-3.0.0-alpha-3.jar:/Users/ahmet.ercikan/.m2/repository/com/thoughtworks/qdox/qdox/1.12.1/qdox-1.12.1.jar:/Users/ahmet.ercikan/.m2/repository/org/codehaus/groovy/groovy-groovydoc/3.0.0-alpha-3/groovy-groovydoc-3.0.0-alpha-3.jar:/Users/ahmet.ercikan/.m2/repository/org/codehaus/groovy/groovy-dateutil/3.0.0-alpha-3/groovy-dateutil-3.0.0-alpha-3.jar:/Users/ahmet.ercikan/.m2/repository/org/codehaus/groovy/groovy-groovysh/3.0.0-alpha-3/groovy-groovysh-3.0.0-alpha-3.jar:/Users/ahmet.ercikan/.m2/repository/jline/jline/2.14.6/jline-2.14.6.jar:/Users/ahmet.ercikan/.m2/repository/org/codehaus/groovy/groovy-jmx/3.0.0-alpha-3/groovy-jmx-3.0.0-alpha-3.jar:/Users/ahmet.ercikan/.m2/repository/org/codehaus/groovy/groovy-jsr223/3.0.0-alpha-3/groovy-jsr223-3.0.0-alpha-3.jar:/Users/ahmet.ercikan/.m2/repository/org/codehaus/groovy/groovy-macro/3.0.0-alpha-3/groovy-macro-3.0.0-alpha-3.jar:/Users/ahmet.ercikan/.m2/repository/org/codehaus/groovy/groovy-nio/3.0.0-alpha-3/groovy-nio-3.0.0-alpha-3.jar:/Users/ahmet.ercikan/.m2/repository/org/codehaus/groovy/groovy-servlet/3.0.0-alpha-3/groovy-servlet-3.0.0-alpha-3.jar:/Users/ahmet.ercikan/.m2/repository/org/codehaus/groovy/groovy-sql/3.0.0-alpha-3/groovy-sql-3.0.0-alpha-3.jar:/Users/ahmet.ercikan/.m2/repository/org/codehaus/groovy/groovy-swing/3.0.0-alpha-3/groovy-swing-3.0.0-alpha-3.jar:/Users/ahmet.ercikan/.m2/repository/org/codehaus/groovy/groovy-templates/3.0.0-alpha-3/groovy-templates-3.0.0-alpha-3.jar:/Users/ahmet.ercikan/.m2/repository/org/codehaus/groovy/groovy-test/3.0.0-alpha-3/groovy-test-3.0.0-alpha-3.jar:/Users/ahmet.ercikan/.m2/repository/org/codehaus/groovy/groovy-test-junit5/3.0.0-alpha-3/groovy-test-junit5-3.0.0-alpha-3.jar:/Users/ahmet.ercikan/.m2/repository/org/junit/platform/junit-platform-launcher/1.2.0/junit-platform-launcher-1.2.0.jar:/Users/ahmet.ercikan/.m2/repository/org/apiguardian/apiguardian-api/1.0.0/apiguardian-api-1.0.0.jar:/Users/ahmet.ercikan/.m2/repository/org/junit/platform/junit-platform-engine/1.2.0/junit-platform-engine-1.2.0.jar:/Users/ahmet.ercikan/.m2/repository/org/junit/platform/junit-platform-commons/1.2.0/junit-platform-commons-1.2.0.jar:/Users/ahmet.ercikan/.m2/repository/org/opentest4j/opentest4j/1.1.0/opentest4j-1.1.0.jar:/Users/ahmet.ercikan/.m2/repository/org/junit/jupiter/junit-jupiter-engine/5.2.0/junit-jupiter-engine-5.2.0.jar:/Users/ahmet.ercikan/.m2/repository/org/junit/jupiter/junit-jupiter-api/5.2.0/junit-jupiter-api-5.2.0.jar:/Users/ahmet.ercikan/.m2/repository/org/codehaus/groovy/groovy-testng/3.0.0-alpha-3/groovy-testng-3.0.0-alpha-3.jar:/Users/ahmet.ercikan/.m2/repository/org/testng/testng/6.9.10/testng-6.9.10.jar:/Users/ahmet.ercikan/.m2/repository/com/fasterxml/jackson/core/jackson-databind/2.13.0/jackson-databind-2.13.0.jar:/Users/ahmet.ercikan/.m2/repository/com/fasterxml/jackson/core/jackson-annotations/2.13.0/jackson-annotations-2.13.0.jar:/Users/ahmet.ercikan/.m2/repository/com/fasterxml/jackson/core/jackson-core/2.13.0/jackson-core-2.13.0.jar:/Users/ahmet.ercikan/.m2/repository/io/codearte/jfairy/jfairy/0.5.9/jfairy-0.5.9.jar:/Users/ahmet.ercikan/.m2/repository/com/google/inject/extensions/guice-assistedinject/4.1.0/guice-assistedinject-4.1.0.jar:/Users/ahmet.ercikan/.m2/repository/joda-time/joda-time/2.9.9/joda-time-2.9.9.jar:/Users/ahmet.ercikan/.m2/repository/org/reflections/reflections/0.9.11/reflections-0.9.11.jar:/Users/ahmet.ercikan/.m2/repository/org/javassist/javassist/3.21.0-GA/javassist-3.21.0-GA.jar:/Users/ahmet.ercikan/.m2/repository/org/iban4j/iban4j/3.2.1/iban4j-3.2.1.jar:/Users/ahmet.ercikan/.m2/repository/com/google/inject/guice/4.1.0/guice-4.1.0.jar:/Users/ahmet.ercikan/.m2/repository/javax/inject/javax.inject/1/javax.inject-1.jar:/Users/ahmet.ercikan/.m2/repository/aopalliance/aopalliance/1.0/aopalliance-1.0.jar:/Users/ahmet.ercikan/.m2/repository/net/serenity-bdd/serenity-core/1.5.8/serenity-core-1.5.8.jar:/Users/ahmet.ercikan/.m2/repository/cglib/cglib/3.2.5/cglib-3.2.5.jar:/Users/ahmet.ercikan/.m2/repository/org/ow2/asm/asm/5.0.3/asm-5.0.3.jar:/Users/ahmet.ercikan/.m2/repository/org/objenesis/objenesis/2.6/objenesis-2.6.jar:/Users/ahmet.ercikan/.m2/repository/org/mockito/mockito-core/1.10.19/mockito-core-1.10.19.jar:/Users/ahmet.ercikan/.m2/repository/io/vavr/vavr/0.9.0/vavr-0.9.0.jar:/Users/ahmet.ercikan/.m2/repository/io/vavr/vavr-match/0.9.0/vavr-match-0.9.0.jar:/Users/ahmet.ercikan/.m2/repository/net/serenity-bdd/serenity-report-resources/1.5.8/serenity-report-resources-1.5.8.jar:/Users/ahmet.ercikan/.m2/repository/com/opera/operadriver/1.5/operadriver-1.5.jar:/Users/ahmet.ercikan/.m2/repository/com/opera/operalaunchers/1.1/operalaunchers-1.1.jar:/Users/ahmet.ercikan/.m2/repository/commons-jxpath/commons-jxpath/1.3/commons-jxpath-1.3.jar:/Users/ahmet.ercikan/.m2/repository/org/ini4j/ini4j/0.5.2/ini4j-0.5.2.jar:/Users/ahmet.ercikan/.m2/repository/com/codeborne/phantomjsdriver/1.4.3/phantomjsdriver-1.4.3.jar:/Users/ahmet.ercikan/.m2/repository/io/appium/java-client/5.0.0-BETA9/java-client-5.0.0-BETA9.jar:/Users/ahmet.ercikan/.m2/repository/commons-validator/commons-validator/1.6/commons-validator-1.6.jar:/Users/ahmet.ercikan/.m2/repository/commons-digester/commons-digester/1.8.1/commons-digester-1.8.1.jar:/Users/ahmet.ercikan/.m2/repository/org/springframework/spring-context/4.3.8.RELEASE/spring-context-4.3.8.RELEASE.jar:/Users/ahmet.ercikan/.m2/repository/org/springframework/spring-aop/4.3.8.RELEASE/spring-aop-4.3.8.RELEASE.jar:/Users/ahmet.ercikan/.m2/repository/org/springframework/spring-beans/4.3.8.RELEASE/spring-beans-4.3.8.RELEASE.jar:/Users/ahmet.ercikan/.m2/repository/org/springframework/spring-core/4.3.8.RELEASE/spring-core-4.3.8.RELEASE.jar:/Users/ahmet.ercikan/.m2/repository/org/springframework/spring-expression/4.3.8.RELEASE/spring-expression-4.3.8.RELEASE.jar:/Users/ahmet.ercikan/.m2/repository/org/aspectj/aspectjweaver/1.8.10/aspectjweaver-1.8.10.jar:/Users/ahmet.ercikan/.m2/repository/org/openpnp/opencv/3.2.0-1/opencv-3.2.0-1.jar:/Users/ahmet.ercikan/.m2/repository/net/sf/opencsv/opencsv/2.0/opencsv-2.0.jar:/Users/ahmet.ercikan/.m2/repository/commons-beanutils/commons-beanutils-core/1.8.3/commons-beanutils-core-1.8.3.jar:/Users/ahmet.ercikan/.m2/repository/com/thoughtworks/xstream/xstream/1.4.9/xstream-1.4.9.jar:/Users/ahmet.ercikan/.m2/repository/xmlpull/xmlpull/1.1.3.1/xmlpull-1.1.3.1.jar:/Users/ahmet.ercikan/.m2/repository/xpp3/xpp3_min/1.1.4c/xpp3_min-1.1.4c.jar:/Users/ahmet.ercikan/.m2/repository/commons-collections/commons-collections/3.2.2/commons-collections-3.2.2.jar:/Users/ahmet.ercikan/.m2/repository/org/freemarker/freemarker/2.3.23/freemarker-2.3.23.jar:/Users/ahmet.ercikan/.m2/repository/net/sourceforge/jexcelapi/jxl/2.6.12/jxl-2.6.12.jar:/Users/ahmet.ercikan/.m2/repository/org/fluentlenium/fluentlenium-core/0.10.2/fluentlenium-core-0.10.2.jar:/Users/ahmet.ercikan/.m2/repository/com/jhlabs/filters/2.0.235/filters-2.0.235.jar:/Users/ahmet.ercikan/.m2/repository/org/asciidoctor/asciidoctor-java-integration/0.1.4/asciidoctor-java-integration-0.1.4.jar:/Users/ahmet.ercikan/.m2/repository/org/jruby/jruby-complete/1.7.4/jruby-complete-1.7.4.jar:/Users/ahmet.ercikan/.m2/repository/org/imgscalr/imgscalr-lib/4.2/imgscalr-lib-4.2.jar:/Users/ahmet.ercikan/.m2/repository/javax/validation/validation-api/1.1.0.Final/validation-api-1.1.0.Final.jar:/Users/ahmet.ercikan/.m2/repository/org/hibernate/hibernate-validator/5.1.1.Final/hibernate-validator-5.1.1.Final.jar:/Users/ahmet.ercikan/.m2/repository/org/jboss/logging/jboss-logging/3.1.3.GA/jboss-logging-3.1.3.GA.jar:/Users/ahmet.ercikan/.m2/repository/com/fasterxml/classmate/1.0.0/classmate-1.0.0.jar:/Users/ahmet.ercikan/.m2/repository/javax/el/javax.el-api/2.2.4/javax.el-api-2.2.4.jar:/Users/ahmet.ercikan/.m2/repository/org/glassfish/web/javax.el/2.2.4/javax.el-2.2.4.jar:/Users/ahmet.ercikan/.m2/repository/org/awaitility/awaitility/3.0.0/awaitility-3.0.0.jar:/Users/ahmet.ercikan/.m2/repository/com/typesafe/config/1.3.1/config-1.3.1.jar:/Users/ahmet.ercikan/.m2/repository/org/jsoup/jsoup/1.10.3/jsoup-1.10.3.jar:/Users/ahmet.ercikan/.m2/repository/com/google/jimfs/jimfs/1.1/jimfs-1.1.jar:/Users/ahmet.ercikan/.m2/repository/es/nitaur/markdown/txtmark/0.16/txtmark-0.16.jar:/Users/ahmet.ercikan/.m2/repository/com/vladsch/flexmark/flexmark-all/0.26.4/flexmark-all-0.26.4.jar:/Users/ahmet.ercikan/.m2/repository/com/vladsch/flexmark/flexmark/0.26.4/flexmark-0.26.4.jar:/Users/ahmet.ercikan/.m2/repository/com/vladsch/flexmark/flexmark-ext-abbreviation/0.26.4/flexmark-ext-abbreviation-0.26.4.jar:/Users/ahmet.ercikan/.m2/repository/com/vladsch/flexmark/flexmark-ext-anchorlink/0.26.4/flexmark-ext-anchorlink-0.26.4.jar:/Users/ahmet.ercikan/.m2/repository/com/vladsch/flexmark/flexmark-ext-aside/0.26.4/flexmark-ext-aside-0.26.4.jar:/Users/ahmet.ercikan/.m2/repository/com/vladsch/flexmark/flexmark-ext-autolink/0.26.4/flexmark-ext-autolink-0.26.4.jar:/Users/ahmet.ercikan/.m2/repository/org/nibor/autolink/autolink/0.6.0/autolink-0.6.0.jar:/Users/ahmet.ercikan/.m2/repository/com/vladsch/flexmark/flexmark-ext-definition/0.26.4/flexmark-ext-definition-0.26.4.jar:/Users/ahmet.ercikan/.m2/repository/com/vladsch/flexmark/flexmark-ext-emoji/0.26.4/flexmark-ext-emoji-0.26.4.jar:/Users/ahmet.ercikan/.m2/repository/com/vladsch/flexmark/flexmark-ext-escaped-character/0.26.4/flexmark-ext-escaped-character-0.26.4.jar:/Users/ahmet.ercikan/.m2/repository/com/vladsch/flexmark/flexmark-ext-footnotes/0.26.4/flexmark-ext-footnotes-0.26.4.jar:/Users/ahmet.ercikan/.m2/repository/com/vladsch/flexmark/flexmark-ext-gfm-issues/0.26.4/flexmark-ext-gfm-issues-0.26.4.jar:/Users/ahmet.ercikan/.m2/repository/com/vladsch/flexmark/flexmark-ext-gfm-strikethrough/0.26.4/flexmark-ext-gfm-strikethrough-0.26.4.jar:/Users/ahmet.ercikan/.m2/repository/com/vladsch/flexmark/flexmark-ext-gfm-tables/0.26.4/flexmark-ext-gfm-tables-0.26.4.jar:/Users/ahmet.ercikan/.m2/repository/com/vladsch/flexmark/flexmark-ext-gfm-tasklist/0.26.4/flexmark-ext-gfm-tasklist-0.26.4.jar:/Users/ahmet.ercikan/.m2/repository/com/vladsch/flexmark/flexmark-ext-gfm-users/0.26.4/flexmark-ext-gfm-users-0.26.4.jar:/Users/ahmet.ercikan/.m2/repository/com/vladsch/flexmark/flexmark-ext-jekyll-front-matter/0.26.4/flexmark-ext-jekyll-front-matter-0.26.4.jar:/Users/ahmet.ercikan/.m2/repository/com/vladsch/flexmark/flexmark-ext-jekyll-tag/0.26.4/flexmark-ext-jekyll-tag-0.26.4.jar:/Users/ahmet.ercikan/.m2/repository/com/vladsch/flexmark/flexmark-ext-ins/0.26.4/flexmark-ext-ins-0.26.4.jar:/Users/ahmet.ercikan/.m2/repository/com/vladsch/flexmark/flexmark-ext-xwiki-macros/0.26.4/flexmark-ext-xwiki-macros-0.26.4.jar:/Users/ahmet.ercikan/.m2/repository/com/vladsch/flexmark/flexmark-ext-superscript/0.26.4/flexmark-ext-superscript-0.26.4.jar:/Users/ahmet.ercikan/.m2/repository/com/vladsch/flexmark/flexmark-ext-tables/0.26.4/flexmark-ext-tables-0.26.4.jar:/Users/ahmet.ercikan/.m2/repository/com/vladsch/flexmark/flexmark-ext-toc/0.26.4/flexmark-ext-toc-0.26.4.jar:/Users/ahmet.ercikan/.m2/repository/com/vladsch/flexmark/flexmark-ext-typographic/0.26.4/flexmark-ext-typographic-0.26.4.jar:/Users/ahmet.ercikan/.m2/repository/com/vladsch/flexmark/flexmark-ext-wikilink/0.26.4/flexmark-ext-wikilink-0.26.4.jar:/Users/ahmet.ercikan/.m2/repository/com/vladsch/flexmark/flexmark-ext-yaml-front-matter/0.26.4/flexmark-ext-yaml-front-matter-0.26.4.jar:/Users/ahmet.ercikan/.m2/repository/com/vladsch/flexmark/flexmark-formatter/0.26.4/flexmark-formatter-0.26.4.jar:/Users/ahmet.ercikan/.m2/repository/com/vladsch/flexmark/flexmark-html-parser/0.26.4/flexmark-html-parser-0.26.4.jar:/Users/ahmet.ercikan/.m2/repository/com/vladsch/flexmark/flexmark-jira-converter/0.26.4/flexmark-jira-converter-0.26.4.jar:/Users/ahmet.ercikan/.m2/repository/com/vladsch/flexmark/flexmark-pdf-converter/0.26.4/flexmark-pdf-converter-0.26.4.jar:/Users/ahmet.ercikan/.m2/repository/com/openhtmltopdf/openhtmltopdf-core/0.0.1-RC9/openhtmltopdf-core-0.0.1-RC9.jar:/Users/ahmet.ercikan/.m2/repository/com/openhtmltopdf/openhtmltopdf-pdfbox/0.0.1-RC9/openhtmltopdf-pdfbox-0.0.1-RC9.jar:/Users/ahmet.ercikan/.m2/repository/org/apache/pdfbox/pdfbox/2.0.4/pdfbox-2.0.4.jar:/Users/ahmet.ercikan/.m2/repository/org/apache/pdfbox/fontbox/2.0.4/fontbox-2.0.4.jar:/Users/ahmet.ercikan/.m2/repository/com/openhtmltopdf/openhtmltopdf-rtl-support/0.0.1-RC9/openhtmltopdf-rtl-support-0.0.1-RC9.jar:/Users/ahmet.ercikan/.m2/repository/com/ibm/icu/icu4j/58.1/icu4j-58.1.jar:/Users/ahmet.ercikan/.m2/repository/com/openhtmltopdf/openhtmltopdf-jsoup-dom-converter/0.0.1-RC9/openhtmltopdf-jsoup-dom-converter-0.0.1-RC9.jar:/Users/ahmet.ercikan/.m2/repository/com/vladsch/flexmark/flexmark-profile-pegdown/0.26.4/flexmark-profile-pegdown-0.26.4.jar:/Users/ahmet.ercikan/.m2/repository/com/vladsch/flexmark/flexmark-util/0.26.4/flexmark-util-0.26.4.jar:/Users/ahmet.ercikan/.m2/repository/com/vladsch/flexmark/flexmark-youtrack-converter/0.26.4/flexmark-youtrack-converter-0.26.4.jar:/Users/ahmet.ercikan/.m2/repository/org/slf4j/slf4j-api/1.7.5/slf4j-api-1.7.5.jar:/Users/ahmet.ercikan/.m2/repository/org/slf4j/slf4j-simple/1.6.4/slf4j-simple-1.6.4.jar:/Users/ahmet.ercikan/.m2/repository/mysql/mysql-connector-java/8.0.16/mysql-connector-java-8.0.16.jar:/Users/ahmet.ercikan/.m2/repository/com/google/protobuf/protobuf-java/3.6.1/protobuf-java-3.6.1.jar:/Users/ahmet.ercikan/.m2/repository/javax/xml/bind/jaxb-api/2.3.1/jaxb-api-2.3.1.jar:/Users/ahmet.ercikan/.m2/repository/javax/activation/javax.activation-api/1.2.0/javax.activation-api-1.2.0.jar:/Users/ahmet.ercikan/.m2/repository/com/aventstack/extentreports/3.1.2/extentreports-3.1.2.jar:/Users/ahmet.ercikan/.m2/repository/org/mongodb/mongodb-driver/3.3.0/mongodb-driver-3.3.0.jar:/Users/ahmet.ercikan/.m2/repository/org/mongodb/bson/3.3.0/bson-3.3.0.jar:/Users/ahmet.ercikan/.m2/repository/org/mongodb/mongodb-driver-core/3.3.0/mongodb-driver-core-3.3.0.jar:/Users/ahmet.ercikan/.m2/repository/com/relevantcodes/extentreports/2.41.2/extentreports-2.41.2.jar:/Users/ahmet.ercikan/.m2/repository/org/xerial/sqlite-jdbc/3.8.11.1/sqlite-jdbc-3.8.11.1.jar:/Users/ahmet.ercikan/.m2/repository/org/postgresql/postgresql/42.2.18/postgresql-42.2.18.jar:/Users/ahmet.ercikan/.m2/repository/io/qameta/allure/allure-junit4/2.8.1/allure-junit4-2.8.1.jar:/Users/ahmet.ercikan/.m2/repository/io/qameta/allure/allure-java-commons/2.8.1/allure-java-commons-2.8.1.jar:/Users/ahmet.ercikan/.m2/repository/io/qameta/allure/allure-model/2.8.1/allure-model-2.8.1.jar:/Users/ahmet.ercikan/.m2/repository/org/apache/tika/tika-core/1.19.1/tika-core-1.19.1.jar:/Users/ahmet.ercikan/.m2/repository/org/aspectj/aspectjrt/1.9.1/aspectjrt-1.9.1.jar:/Users/ahmet.ercikan/.m2/repository/org/jooq/joor-java-8/0.9.9/joor-java-8-0.9.9.jar:/Users/ahmet.ercikan/.m2/repository/io/github/bonigarcia/webdrivermanager/4.4.3/webdrivermanager-4.4.3.jar:/Users/ahmet.ercikan/.m2/repository/org/apache/httpcomponents/client5/httpclient5/5.0.3/httpclient5-5.0.3.jar:/Users/ahmet.ercikan/.m2/repository/org/apache/httpcomponents/core5/httpcore5/5.0.2/httpcore5-5.0.2.jar:/Users/ahmet.ercikan/.m2/repository/org/apache/httpcomponents/core5/httpcore5-h2/5.0.2/httpcore5-h2-5.0.2.jar:/Users/ahmet.ercikan/.m2/repository/org/rauschig/jarchivelib/1.1.0/jarchivelib-1.1.0.jar:/Users/ahmet.ercikan/.m2/repository/org/apache/commons/commons-compress/1.20/commons-compress-1.20.jar:/Users/ahmet.ercikan/.m2/repository/junit/junit/4.13.2/junit-4.13.2.jar:/Users/ahmet.ercikan/.m2/repository/org/seleniumhq/selenium/selenium-firefox-driver/3.8.1/selenium-firefox-driver-3.8.1.jar:/Users/ahmet.ercikan/.m2/repository/com/microsoft/sqlserver/mssql-jdbc/6.2.1.jre8/mssql-jdbc-6.2.1.jre8.jar:/Users/ahmet.ercikan/.m2/repository/com/opencsv/opencsv/5.3/opencsv-5.3.jar:/Users/ahmet.ercikan/.m2/repository/commons-beanutils/commons-beanutils/1.9.4/commons-beanutils-1.9.4.jar:/Users/ahmet.ercikan/.m2/repository/org/apache/maven/surefire/surefire-testng-utils/2.22.0/surefire-testng-utils-2.22.0.jar:/Users/ahmet.ercikan/.m2/repository/org/apache/maven/surefire/surefire-grouper/2.22.0/surefire-grouper-2.22.0.jar:"/>
    <property name="sun.cpu.endian" value="little"/>
    <property name="user.home" value="/Users/ahmet.ercikan"/>
    <property name="emailValue" value="ahmetmesutercikan@hotmail.com"/>
    <property name="user.language" value="en"/>
    <property name="java.specification.vendor" value="Oracle Corporation"/>
    <property name="java.version.date" value="2020-07-14"/>
    <property name="java.home" value="/Library/Java/JavaVirtualMachines/jdk-14.0.2.jdk/Contents/Home"/>
    <property name="file.separator" value="/"/>
    <property name="basedir" value="/Users/ahmet.ercikan/IdeaProjects/testCalismaa"/>
    <property name="java.vm.compressedOopsMode" value="Zero based"/>
    <property name="line.separator" value="&#10;"/>
    <property name="java.vm.specification.vendor" value="Oracle Corporation"/>
    <property name="java.specification.name" value="Java Platform API Specification"/>
    <property name="surefire.real.class.path" value="/Users/ahmet.ercikan/IdeaProjects/testCalismaa/target/surefire/surefirebooter6727399049900336629.jar"/>
    <property name="sun.management.compiler" value="HotSpot 64-Bit Tiered Compilers"/>
    <property name="ftp.nonProxyHosts" value="local|*.local|169.254/16|*.169.254/16"/>
    <property name="java.runtime.version" value="14.0.2+12-46"/>
    <property name="user.name" value="ahmet.ercikan"/>
    <property name="path.separator" value=":"/>
    <property name="os.version" value="10.15.7"/>
    <property name="java.runtime.name" value="Java(TM) SE Runtime Environment"/>
    <property name="file.encoding" value="UTF-8"/>
    <property name="java.vm.name" value="Java HotSpot(TM) 64-Bit Server VM"/>
    <property name="localRepository" value="/Users/ahmet.ercikan/.m2/repository"/>
    <property name="java.vendor.url.bug" value="https://bugreport.java.com/bugreport/"/>
    <property name="java.io.tmpdir" value="/var/folders/p5/h99g2kwx3bb0b2c2kgrmhryr0000gp/T/"/>
    <property name="idea.version" value="2021.2.3"/>
    <property name="java.version" value="14.0.2"/>
    <property name="user.dir" value="/Users/ahmet.ercikan/IdeaProjects/testCalismaa"/>
    <property name="os.arch" value="x86_64"/>
    <property name="java.vm.specification.name" value="Java Virtual Machine Specification"/>
    <property name="url" value="https://www.trendyol.com"/>
    <property name="java.library.path" value="/Users/ahmet.ercikan/Library/Java/Extensions:/Library/Java/Extensions:/Network/Library/Java/Extensions:/System/Library/Java/Extensions:/usr/lib/java:."/>
    <property name="java.vm.info" value="mixed mode, sharing"/>
    <property name="java.vendor" value="Oracle Corporation"/>
    <property name="java.vm.version" value="14.0.2+12-46"/>
    <property name="passwordValue" value="Ahmet.naz05"/>
    <property name="sun.io.unicode.encoding" value="UnicodeBig"/>
    <property name="socksNonProxyHosts" value="local|*.local|169.254/16|*.169.254/16"/>
    <property name="java.class.version" value="58.0"/>
  </properties>
  <testcase name="loginSucces" classname="UI.testCases.LoginPageTest" time="20.538">
    <failure message="Expected condition failed: waiting for UI.helpers.BrowserUtils$1@2f162cc0 (tried for 10 second(s) with 1000 milliseconds interval)" type="org.openqa.selenium.TimeoutException">org.openqa.selenium.TimeoutException: Expected condition failed: waiting for UI.helpers.BrowserUtils$1@2f162cc0 (tried for 10 second(s) with 1000 milliseconds interval)
	at UI.testCases.LoginPageTest.loginSucces(LoginPageTest.java:36)
Caused by: org.openqa.selenium.NoSuchElementException: 
no such element: Unable to locate element: {"method":"xpath","selector":"//*[contains(text(),'Hesabım')]"}
  (Session info: MicrosoftEdge=96.0.1054.62)
For documentation on this error, please visit: http://seleniumhq.org/exceptions/no_such_element.html
Build info: version: '3.8.1', revision: '6e95a6684b', time: '2017-12-01T18:33:54.468Z'
System info: host: 'MAC-IT-13.local', ip: 'fe80:0:0:0:b:f98a:86f4:b3d9%en0', os.name: 'Mac OS X', os.arch: 'x86_64', os.version: '10.15.7', java.version: '14.0.2'
Driver info: org.openqa.selenium.remote.RemoteWebDriver
Capabilities {acceptInsecureCerts: false, browserName: msedge, browserVersion: 96.0.1054.62, javascriptEnabled: true, ms:edgeOptions: {debuggerAddress: localhost:43125}, msedge: {msedgedriverVersion: 96.0.1054.62 (f97cb2ce0103f..., userDataDir: /tmp/.com.microsoft.Edge.dH...}, networkConnectionEnabled: false, pageLoadStrategy: normal, platform: LINUX, platformName: LINUX, proxy: Proxy(), se:cdp: ws://172.24.0.5:4444/sessio..., se:cdpVersion: 96.0.1054.62, se:vnc: ws://172.24.0.5:4444/sessio..., se:vncEnabled: true, se:vncLocalAddress: ws://172.24.0.5:7900, setWindowRect: true, strictFileInteractability: false, timeouts: {implicit: 0, pageLoad: 300000, script: 30000}, unhandledPromptBehavior: dismiss and notify, webauthn:extension:credBlob: true, webauthn:extension:largeBlob: true, webauthn:virtualAuthenticators: true}
Session ID: bd32bdbf819237fd968f9664742147f7
*** Element info: {Using=xpath, value=//*[contains(text(),'Hesabım')]}
	at UI.testCases.LoginPageTest.loginSucces(LoginPageTest.java:36)
</failure>
    <system-err><![CDATA[Jan 17, 2022 12:02:33 PM com.relevantcodes.extentreports.ExtentReports loadConfig
WARNING: Unable to perform report configuration. The file /Users/ahmet.ercikan/IdeaProjects/testCalismaa\extent-config.xml was not found.
Jan 17, 2022 12:02:39 PM org.openqa.selenium.remote.ProtocolHandshake createSession
INFO: Detected dialect: W3C
]]></system-err>
  </testcase>
  <testcase name="loginSucces" classname="UI.testCases.LoginPageTest" time="17.194">
    <failure message="Expected condition failed: waiting for UI.helpers.BrowserUtils$1@53153d5e (tried for 10 second(s) with 1000 milliseconds interval)" type="org.openqa.selenium.TimeoutException">org.openqa.selenium.TimeoutException: Expected condition failed: waiting for UI.helpers.BrowserUtils$1@53153d5e (tried for 10 second(s) with 1000 milliseconds interval)
	at UI.testCases.LoginPageTest.loginSucces(LoginPageTest.java:36)
Caused by: org.openqa.selenium.NoSuchElementException: 
no such element: Unable to locate element: {"method":"xpath","selector":"//*[contains(text(),'Hesabım')]"}
  (Session info: chrome=96.0.4664.110)
For documentation on this error, please visit: http://seleniumhq.org/exceptions/no_such_element.html
Build info: version: '3.8.1', revision: '6e95a6684b', time: '2017-12-01T18:33:54.468Z'
System info: host: 'MAC-IT-13.local', ip: 'fe80:0:0:0:b:f98a:86f4:b3d9%en0', os.name: 'Mac OS X', os.arch: 'x86_64', os.version: '10.15.7', java.version: '14.0.2'
Driver info: org.openqa.selenium.remote.RemoteWebDriver
Capabilities {acceptInsecureCerts: false, browserName: chrome, browserVersion: 96.0.4664.110, chrome: {chromedriverVersion: 96.0.4664.45 (76e4c1bb2ab46..., userDataDir: /tmp/.com.google.Chrome.zoT2PT}, goog:chromeOptions: {debuggerAddress: localhost:45963}, javascriptEnabled: true, networkConnectionEnabled: false, pageLoadStrategy: normal, platform: LINUX, platformName: LINUX, proxy: Proxy(), se:cdp: ws://172.24.0.4:4444/sessio..., se:cdpVersion: 96.0.4664.110, se:vnc: ws://172.24.0.4:4444/sessio..., se:vncEnabled: true, se:vncLocalAddress: ws://172.24.0.4:7900, setWindowRect: true, strictFileInteractability: false, timeouts: {implicit: 0, pageLoad: 300000, script: 30000}, unhandledPromptBehavior: dismiss and notify, webauthn:extension:credBlob: true, webauthn:extension:largeBlob: true, webauthn:virtualAuthenticators: true}
Session ID: e0072e67a12be2a8c0d29139ade15c88
*** Element info: {Using=xpath, value=//*[contains(text(),'Hesabım')]}
	at UI.testCases.LoginPageTest.loginSucces(LoginPageTest.java:36)
</failure>
    <system-err><![CDATA[Jan 17, 2022 12:06:04 PM com.relevantcodes.extentreports.ExtentReports loadConfig
WARNING: Unable to perform report configuration. The file /Users/ahmet.ercikan/IdeaProjects/testCalismaa\extent-config.xml was not found.
Jan 17, 2022 12:06:07 PM org.openqa.selenium.remote.ProtocolHandshake createSession
INFO: Detected dialect: W3C
]]></system-err>
  </testcase>
  <testcase name="loginSucces" classname="UI.testCases.LoginPageTest" time="22.474">
    <failure message="Expected condition failed: waiting for UI.helpers.BrowserUtils$1@7798de95 (tried for 10 second(s) with 1000 milliseconds interval)" type="org.openqa.selenium.TimeoutException">org.openqa.selenium.TimeoutException: Expected condition failed: waiting for UI.helpers.BrowserUtils$1@7798de95 (tried for 10 second(s) with 1000 milliseconds interval)
	at UI.testCases.LoginPageTest.loginSucces(LoginPageTest.java:36)
Caused by: org.openqa.selenium.NoSuchElementException: 
Unable to locate element: //*[contains(text(),'Hesabım')]
For documentation on this error, please visit: http://seleniumhq.org/exceptions/no_such_element.html
Build info: version: '3.8.1', revision: '6e95a6684b', time: '2017-12-01T18:33:54.468Z'
System info: host: 'MAC-IT-13.local', ip: 'fe80:0:0:0:b:f98a:86f4:b3d9%en0', os.name: 'Mac OS X', os.arch: 'x86_64', os.version: '10.15.7', java.version: '14.0.2'
Driver info: org.openqa.selenium.remote.RemoteWebDriver
Capabilities {acceptInsecureCerts: false, browserName: firefox, browserVersion: 95.0.1, javascriptEnabled: true, moz:accessibilityChecks: false, moz:buildID: 20211215221728, moz:geckodriverVersion: 0.30.0, moz:headless: false, moz:processID: 1257, moz:profile: /tmp/rust_mozprofilebHtbAF, moz:shutdownTimeout: 60000, moz:useNonSpecCompliantPointerOrigin: false, moz:webdriverClick: true, pageLoadStrategy: normal, platform: LINUX, platformName: LINUX, platformVersion: 5.10.76-linuxkit, proxy: Proxy(), se:vnc: ws://172.24.0.3:4444/sessio..., se:vncEnabled: true, se:vncLocalAddress: ws://172.24.0.3:7900, setWindowRect: true, strictFileInteractability: false, timeouts: {implicit: 0, pageLoad: 300000, script: 30000}, unhandledPromptBehavior: dismiss and notify}
Session ID: 9aff227a-152e-4e66-a18f-f648071261b8
*** Element info: {Using=xpath, value=//*[contains(text(),'Hesabım')]}
	at UI.testCases.LoginPageTest.loginSucces(LoginPageTest.java:36)
</failure>
    <system-err><![CDATA[Jan 17, 2022 12:10:11 PM com.relevantcodes.extentreports.ExtentReports loadConfig
WARNING: Unable to perform report configuration. The file /Users/ahmet.ercikan/IdeaProjects/testCalismaa\extent-config.xml was not found.
Jan 17, 2022 12:10:18 PM org.openqa.selenium.remote.ProtocolHandshake createSession
INFO: Detected dialect: W3C
]]></system-err>
  </testcase>
  <testcase name="wrongEmail" classname="UI.testCases.LoginPageTest" time="8.304">
    <failure message="Hata : Beklenen Veri Hatalı &#10;Expected: is &quot;HATALI CASE&quot;&#10;     got: &quot;E-posta adresiniz ve/veya şifreniz hatalı.&quot;&#10;" type="java.lang.AssertionError">java.lang.AssertionError: 
Hata : Beklenen Veri Hatalı 
Expected: is "HATALI CASE"
     got: "E-posta adresiniz ve/veya şifreniz hatalı."

	at UI.testCases.LoginPageTest.wrongEmail(LoginPageTest.java:44)
</failure>
    <system-err><![CDATA[Jan 17, 2022 12:02:58 PM org.openqa.selenium.remote.ProtocolHandshake createSession
INFO: Detected dialect: W3C
]]></system-err>
  </testcase>
  <testcase name="wrongEmail" classname="UI.testCases.LoginPageTest" time="12.518">
    <failure message="Hata : Beklenen Veri Hatalı &#10;Expected: is &quot;HATALI CASE&quot;&#10;     got: &quot;E-posta adresiniz ve/veya şifreniz hatalı.&quot;&#10;" type="java.lang.AssertionError">java.lang.AssertionError: 
Hata : Beklenen Veri Hatalı 
Expected: is "HATALI CASE"
     got: "E-posta adresiniz ve/veya şifreniz hatalı."

	at UI.testCases.LoginPageTest.wrongEmail(LoginPageTest.java:44)
</failure>
    <system-err><![CDATA[Jan 17, 2022 12:06:29 PM org.openqa.selenium.remote.ProtocolHandshake createSession
INFO: Detected dialect: W3C
]]></system-err>
  </testcase>
  <testcase name="wrongEmail" classname="UI.testCases.LoginPageTest" time="6.923">
    <failure message="Hata : Beklenen Veri Hatalı &#10;Expected: is &quot;HATALI CASE&quot;&#10;     got: &quot;E-posta adresiniz ve/veya şifreniz hatalı.&quot;&#10;" type="java.lang.AssertionError">java.lang.AssertionError: 
Hata : Beklenen Veri Hatalı 
Expected: is "HATALI CASE"
     got: "E-posta adresiniz ve/veya şifreniz hatalı."

	at UI.testCases.LoginPageTest.wrongEmail(LoginPageTest.java:44)
</failure>
    <system-err><![CDATA[Jan 17, 2022 12:10:37 PM org.openqa.selenium.remote.ProtocolHandshake createSession
INFO: Detected dialect: W3C
]]></system-err>
  </testcase>
  <testcase name="wrongPassword" classname="UI.testCases.LoginPageTest" time="10.676"/>
  <testcase name="wrongPassword" classname="UI.testCases.LoginPageTest" time="6.214"/>
  <testcase name="wrongPassword" classname="UI.testCases.LoginPageTest" time="8.985"/>
  <testcase name="blankEmail" classname="UI.testCases.LoginPageTest" time="6.982"/>
  <testcase name="blankEmail" classname="UI.testCases.LoginPageTest" time="98.747"/>
  <testcase name="blankEmail" classname="UI.testCases.LoginPageTest" time="12.18"/>
  <testcase name="blankPassword" classname="UI.testCases.LoginPageTest" time="8.935"/>
  <testcase name="blankPassword" classname="UI.testCases.LoginPageTest" time="7.167"/>
  <testcase name="blankPassword" classname="UI.testCases.LoginPageTest" time="8.826"/>
  <testcase name="blankEmailandPassword" classname="UI.testCases.LoginPageTest" time="6.867"/>
  <testcase name="blankEmailandPassword" classname="UI.testCases.LoginPageTest" time="8.047"/>
  <testcase name="blankEmailandPassword" classname="UI.testCases.LoginPageTest" time="8.511"/>
  <testcase name="butikLinkAddCSV" classname="UI.testCases.HomePageTest" time="144.965"/>
  <testcase name="butikLinkAddCSV" classname="UI.testCases.HomePageTest" time="94.17"/>
  <testcase name="butikLinkAddCSV" classname="UI.testCases.HomePageTest" time="9.191">
    <failure message="Element &lt;g id=&quot;Rating-Review&quot;&gt; could not be scrolled into view&#10;Build info: version: &apos;3.8.1&apos;, revision: &apos;6e95a6684b&apos;, time: &apos;2017-12-01T18:33:54.468Z&apos;&#10;System info: host: &apos;MAC-IT-13.local&apos;, ip: &apos;fe80:0:0:0:b:f98a:86f4:b3d9%en0&apos;, os.name: &apos;Mac OS X&apos;, os.arch: &apos;x86_64&apos;, os.version: &apos;10.15.7&apos;, java.version: &apos;14.0.2&apos;&#10;Driver info: org.openqa.selenium.remote.RemoteWebDriver&#10;Capabilities {acceptInsecureCerts: false, browserName: firefox, browserVersion: 95.0.1, javascriptEnabled: true, moz:accessibilityChecks: false, moz:buildID: 20211215221728, moz:geckodriverVersion: 0.30.0, moz:headless: false, moz:processID: 1795, moz:profile: /tmp/rust_mozprofileZIBz3C, moz:shutdownTimeout: 60000, moz:useNonSpecCompliantPointerOrigin: false, moz:webdriverClick: true, pageLoadStrategy: normal, platform: LINUX, platformName: LINUX, platformVersion: 5.10.76-linuxkit, proxy: Proxy(), se:vnc: ws://172.24.0.3:4444/sessio..., se:vncEnabled: true, se:vncLocalAddress: ws://172.24.0.3:7900, setWindowRect: true, strictFileInteractability: false, timeouts: {implicit: 0, pageLoad: 300000, script: 30000}, unhandledPromptBehavior: dismiss and notify}&#10;Session ID: 0ade2035-793e-4a83-8cfb-d7bf6834d8d3" type="org.openqa.selenium.ElementNotInteractableException"><![CDATA[org.openqa.selenium.ElementNotInteractableException: 
Element <g id="Rating-Review"> could not be scrolled into view
Build info: version: '3.8.1', revision: '6e95a6684b', time: '2017-12-01T18:33:54.468Z'
System info: host: 'MAC-IT-13.local', ip: 'fe80:0:0:0:b:f98a:86f4:b3d9%en0', os.name: 'Mac OS X', os.arch: 'x86_64', os.version: '10.15.7', java.version: '14.0.2'
Driver info: org.openqa.selenium.remote.RemoteWebDriver
Capabilities {acceptInsecureCerts: false, browserName: firefox, browserVersion: 95.0.1, javascriptEnabled: true, moz:accessibilityChecks: false, moz:buildID: 20211215221728, moz:geckodriverVersion: 0.30.0, moz:headless: false, moz:processID: 1795, moz:profile: /tmp/rust_mozprofileZIBz3C, moz:shutdownTimeout: 60000, moz:useNonSpecCompliantPointerOrigin: false, moz:webdriverClick: true, pageLoadStrategy: normal, platform: LINUX, platformName: LINUX, platformVersion: 5.10.76-linuxkit, proxy: Proxy(), se:vnc: ws://172.24.0.3:4444/sessio..., se:vncEnabled: true, se:vncLocalAddress: ws://172.24.0.3:7900, setWindowRect: true, strictFileInteractability: false, timeouts: {implicit: 0, pageLoad: 300000, script: 30000}, unhandledPromptBehavior: dismiss and notify}
Session ID: 0ade2035-793e-4a83-8cfb-d7bf6834d8d3
	at UI.testCases.HomePageTest.butikLinkAddCSV(HomePageTest.java:27)
]]></failure>
    <system-err><![CDATA[Jan 17, 2022 12:11:28 PM org.openqa.selenium.remote.ProtocolHandshake createSession
INFO: Detected dialect: W3C
]]></system-err>
  </testcase>
</testsuite>